#
# There is insufficient memory for the Java Runtime Environment to continue.
# Native memory allocation (mmap) failed to map 100663296 bytes for G1 virtual space
# Possible reasons:
#   The system is out of physical RAM or swap space
#   The process is running with CompressedOops enabled, and the Java Heap may be blocking the growth of the native heap
# Possible solutions:
#   Reduce memory load on the system
#   Increase physical memory or swap space
#   Check if swap backing store is full
#   Decrease Java heap size (-Xmx/-Xms)
#   Decrease number of Java threads
#   Decrease Java thread stack sizes (-Xss)
#   Set larger code cache with -XX:ReservedCodeCacheSize=
#   JVM is running with Unscaled Compressed Oops mode in which the Java heap is
#     placed in the first 4GB address space. The Java Heap base address is the
#     maximum limit for the native heap growth. Please use -XX:HeapBaseMinAddress
#     to set the Java Heap base and to place the Java Heap above 4GB virtual address.
# This output file may be truncated or incomplete.
#
#  Out of Memory Error (os_windows.cpp:3469), pid=15544, tid=19052
#
# JRE version:  (17.0+35) (build )
# Java VM: Java HotSpot(TM) 64-Bit Server VM (17+35-LTS-2724, mixed mode, sharing, tiered, compressed oops, compressed class ptrs, g1 gc, windows-amd64)
# No core dump will be written. Minidumps are not enabled by default on client versions of Windows
#

---------------  S U M M A R Y ------------

Command Line: -javaagent:C:\Program Files\JetBrains\IntelliJ IDEA Community Edition 2022.3.3\lib\idea_rt.jar=62026:C:\Program Files\JetBrains\IntelliJ IDEA Community Edition 2022.3.3\bin -Dfile.encoding=UTF-8 com.bugboard26.BugBoard26Application

Host: AMD Ryzen 3 3250U with Radeon Graphics         , 4 cores, 5G,  Windows 10 , 64 bit Build 26100 (10.0.26100.8246)
Time: Thu May 28 18:12:19 2026 ora legale Europa occidentale elapsed time: 2.396283 seconds (0d 0h 0m 2s)

---------------  T H R E A D  ---------------

Current thread (0x00000191305c4b70):  JavaThread "Unknown thread" [_thread_in_vm, id=19052, stack(0x0000003d47f00000,0x0000003d48000000)]

Stack: [0x0000003d47f00000,0x0000003d48000000]
Native frames: (J=compiled Java code, j=interpreted, Vv=VM code, C=native code)
V  [jvm.dll+0x66f8ea]
V  [jvm.dll+0x7ce224]
V  [jvm.dll+0x7cf9ce]
V  [jvm.dll+0x7d0033]
V  [jvm.dll+0x242bb5]
V  [jvm.dll+0x66c909]
V  [jvm.dll+0x6613d2]
V  [jvm.dll+0x30082b]
V  [jvm.dll+0x307db6]
V  [jvm.dll+0x357a0e]
V  [jvm.dll+0x357c3f]
V  [jvm.dll+0x2d7ae8]
V  [jvm.dll+0x2d8a54]
V  [jvm.dll+0x7a00a1]
V  [jvm.dll+0x365781]
V  [jvm.dll+0x77f59c]
V  [jvm.dll+0x3e805f]
V  [jvm.dll+0x3e9b01]
C  [jli.dll+0x527b]
C  [ucrtbase.dll+0x37b0]
C  [KERNEL32.DLL+0x2e8d7]
C  [ntdll.dll+0x8c3fc]


---------------  P R O C E S S  ---------------

Threads class SMR info:
_java_thread_list=0x00007ffd6d1b7818, length=0, elements={
}

Java Threads: ( => current thread )

Other Threads:
  0x00000191305f9e10 GCTaskThread "GC Thread#0" [stack: 0x0000003d48000000,0x0000003d48100000] [id=14548]
  0x000001913030cf40 ConcurrentGCThread "G1 Main Marker" [stack: 0x0000003d48100000,0x0000003d48200000] [id=20096]
  0x00000191306069b0 ConcurrentGCThread "G1 Conc#0" [stack: 0x0000003d48200000,0x0000003d48300000] [id=1464]

[error occurred during error reporting (printing all threads), id 0xc0000005, EXCEPTION_ACCESS_VIOLATION (0xc0000005) at pc=0x00007ffd6ca084c7]

VM state: not at safepoint (not fully initialized)

VM Mutex/Monitor currently owned by a thread:  ([mutex/lock_event])
[0x00000191305bfc10] Heap_lock - owner thread: 0x00000191305c4b70

Heap address: 0x00000000a0e00000, size: 1522 MB, Compressed Oops mode: 32-bit

CDS archive(s) mapped at: [0x0000000000000000-0x0000000000000000-0x0000000000000000), size 0, SharedBaseAddress: 0x0000000800000000, ArchiveRelocationMode: 0.
Narrow klass base: 0x0000000000000000, Narrow klass shift: 0, Narrow klass range: 0x0

GC Precious Log:
<Empty>

Heap:
 garbage-first heap   total 0K, used 0K [0x00000000a0e00000, 0x0000000100000000)
  region size 1024K, 0 young (0K), 0 survivors (0K)

[error occurred during error reporting (printing heap information), id 0xc0000005, EXCEPTION_ACCESS_VIOLATION (0xc0000005) at pc=0x00007ffd6cde8c59]

GC Heap History (0 events):
No events

Deoptimization events (0 events):
No events

Classes unloaded (0 events):
No events

Classes redefined (0 events):
No events

Internal exceptions (0 events):
No events

VM Operations (0 events):
No events

Events (1 events):
Event: 0.062 Loaded shared library C:\Program Files\Java\jdk-17\bin\java.dll


Dynamic libraries:
0x00007ff644ab0000 - 0x00007ff644ac0000 	C:\Program Files\Java\jdk-17\bin\java.exe
0x00007ffe2a240000 - 0x00007ffe2a4a7000 	C:\WINDOWS\SYSTEM32\ntdll.dll
0x00007ffe13830000 - 0x00007ffe13851000 	C:\Program Files\AVG\Antivirus\aswhook.dll
0x00007ffe28dc0000 - 0x00007ffe28e89000 	C:\WINDOWS\System32\KERNEL32.DLL
0x00007ffe26b40000 - 0x00007ffe26f34000 	C:\WINDOWS\System32\KERNELBASE.dll
0x00007ffe270b0000 - 0x00007ffe271fb000 	C:\WINDOWS\System32\ucrtbase.dll
0x00007ffe1bc00000 - 0x00007ffe1bc18000 	C:\Program Files\Java\jdk-17\bin\jli.dll
0x00007ffe2a0f0000 - 0x00007ffe2a1a6000 	C:\WINDOWS\System32\ADVAPI32.dll
0x00007ffe29420000 - 0x00007ffe294c9000 	C:\WINDOWS\System32\msvcrt.dll
0x00007ffe28980000 - 0x00007ffe28a27000 	C:\WINDOWS\System32\sechost.dll
0x00007ffe294d0000 - 0x00007ffe295e8000 	C:\WINDOWS\System32\RPCRT4.dll
0x00007ffe29f00000 - 0x00007ffe2a0c5000 	C:\WINDOWS\System32\USER32.dll
0x00007ffe19300000 - 0x00007ffe1931a000 	C:\Program Files\Java\jdk-17\bin\VCRUNTIME140.dll
0x00007ffe26b10000 - 0x00007ffe26b37000 	C:\WINDOWS\System32\win32u.dll
0x00007ffe28510000 - 0x00007ffe2853b000 	C:\WINDOWS\System32\GDI32.dll
0x00007ffe27c70000 - 0x00007ffe27d9b000 	C:\WINDOWS\System32\gdi32full.dll
0x00007ffe17170000 - 0x00007ffe17403000 	C:\WINDOWS\WinSxS\amd64_microsoft.windows.common-controls_6595b64144ccf1df_6.0.26100.8115_none_3e075c82e3354f9c\COMCTL32.dll
0x00007ffe26f40000 - 0x00007ffe26fe3000 	C:\WINDOWS\System32\msvcp_win.dll
0x00007ffe21170000 - 0x00007ffe2117b000 	C:\WINDOWS\SYSTEM32\VERSION.dll
0x00007ffe28340000 - 0x00007ffe28372000 	C:\WINDOWS\System32\IMM32.DLL
0x00007ffe21f00000 - 0x00007ffe21f0c000 	C:\Program Files\Java\jdk-17\bin\vcruntime140_1.dll
0x00007ffdec890000 - 0x00007ffdec91d000 	C:\Program Files\Java\jdk-17\bin\msvcp140.dll
0x00007ffd6c720000 - 0x00007ffd6d2de000 	C:\Program Files\Java\jdk-17\bin\server\jvm.dll
0x00007ffe2a0e0000 - 0x00007ffe2a0e8000 	C:\WINDOWS\System32\PSAPI.DLL
0x00007ffe13c60000 - 0x00007ffe13c6a000 	C:\WINDOWS\SYSTEM32\WSOCK32.dll
0x00007ffe281d0000 - 0x00007ffe28250000 	C:\WINDOWS\System32\WS2_32.dll
0x00007ffe21130000 - 0x00007ffe21166000 	C:\WINDOWS\SYSTEM32\WINMM.dll
0x00007ffe258a0000 - 0x00007ffe258bb000 	C:\WINDOWS\SYSTEM32\kernel.appcore.dll
0x00007ffe170b0000 - 0x00007ffe170ba000 	C:\Program Files\Java\jdk-17\bin\jimage.dll
0x00007ffe24ce0000 - 0x00007ffe24f22000 	C:\WINDOWS\SYSTEM32\DBGHELP.DLL
0x00007ffe28a30000 - 0x00007ffe28db2000 	C:\WINDOWS\System32\combase.dll
0x00007ffe28740000 - 0x00007ffe28818000 	C:\WINDOWS\System32\OLEAUT32.dll
0x00007ffe1c2e0000 - 0x00007ffe1c31b000 	C:\WINDOWS\SYSTEM32\dbgcore.DLL
0x00007ffe27f20000 - 0x00007ffe27fc5000 	C:\WINDOWS\System32\bcryptPrimitives.dll
0x00007ffdfec10000 - 0x00007ffdfec1e000 	C:\Program Files\Java\jdk-17\bin\instrument.dll
0x00007ffe01720000 - 0x00007ffe01745000 	C:\Program Files\Java\jdk-17\bin\java.dll

dbghelp: loaded successfully - version: 4.0.5 - missing functions: none
symbol engine: initialized successfully - sym options: 0x614 - pdb path: .;C:\Program Files\Java\jdk-17\bin;C:\WINDOWS\SYSTEM32;C:\Program Files\AVG\Antivirus;C:\WINDOWS\WinSxS\amd64_microsoft.windows.common-controls_6595b64144ccf1df_6.0.26100.8115_none_3e075c82e3354f9c;C:\Program Files\Java\jdk-17\bin\server

VM Arguments:
jvm_args: -javaagent:C:\Program Files\JetBrains\IntelliJ IDEA Community Edition 2022.3.3\lib\idea_rt.jar=62026:C:\Program Files\JetBrains\IntelliJ IDEA Community Edition 2022.3.3\bin -Dfile.encoding=UTF-8 
java_command: com.bugboard26.BugBoard26Application
java_class_path (initial): C:\Users\vitop\Desktop\BugBoard26\backend\target\classes;C:\Users\vitop\.m2\repository\org\springframework\boot\spring-boot-starter-web\3.3.5\spring-boot-starter-web-3.3.5.jar;C:\Users\vitop\.m2\repository\org\springframework\boot\spring-boot-starter\3.3.5\spring-boot-starter-3.3.5.jar;C:\Users\vitop\.m2\repository\org\springframework\boot\spring-boot\3.3.5\spring-boot-3.3.5.jar;C:\Users\vitop\.m2\repository\org\springframework\boot\spring-boot-autoconfigure\3.3.5\spring-boot-autoconfigure-3.3.5.jar;C:\Users\vitop\.m2\repository\org\springframework\boot\spring-boot-starter-logging\3.3.5\spring-boot-starter-logging-3.3.5.jar;C:\Users\vitop\.m2\repository\ch\qos\logback\logback-classic\1.5.11\logback-classic-1.5.11.jar;C:\Users\vitop\.m2\repository\ch\qos\logback\logback-core\1.5.11\logback-core-1.5.11.jar;C:\Users\vitop\.m2\repository\org\apache\logging\log4j\log4j-to-slf4j\2.23.1\log4j-to-slf4j-2.23.1.jar;C:\Users\vitop\.m2\repository\org\apache\logging\log4j\log4j-api\2.23.1\log4j-api-2.23.1.jar;C:\Users\vitop\.m2\repository\org\slf4j\jul-to-slf4j\2.0.16\jul-to-slf4j-2.0.16.jar;C:\Users\vitop\.m2\repository\jakarta\annotation\jakarta.annotation-api\2.1.1\jakarta.annotation-api-2.1.1.jar;C:\Users\vitop\.m2\repository\org\yaml\snakeyaml\2.2\snakeyaml-2.2.jar;C:\Users\vitop\.m2\repository\org\springframework\boot\spring-boot-starter-json\3.3.5\spring-boot-starter-json-3.3.5.jar;C:\Users\vitop\.m2\repository\com\fasterxml\jackson\datatype\jackson-datatype-jdk8\2.17.2\jackson-datatype-jdk8-2.17.2.jar;C:\Users\vitop\.m2\repository\com\fasterxml\jackson\datatype\jackson-datatype-jsr310\2.17.2\jackson-datatype-jsr310-2.17.2.jar;C:\Users\vitop\.m2\repository\com\fasterxml\jackson\module\jackson-module-parameter-names\2.17.2\jackson-module-parameter-names-2.17.2.jar;C:\Users\vitop\.m2\repository\org\springframework\boot\spring-boot-starter-tomcat\3.3.5\spring-boot-starter-tomcat-3.3.5.jar;C:\Users\vitop\.m2\repository\org\apache\tomcat\embed\tomc
Launcher Type: SUN_STANDARD

[Global flags]
     intx CICompilerCount                          = 3                                         {product} {ergonomic}
     uint ConcGCThreads                            = 1                                         {product} {ergonomic}
     uint G1ConcRefinementThreads                  = 4                                         {product} {ergonomic}
   size_t G1HeapRegionSize                         = 1048576                                   {product} {ergonomic}
    uintx GCDrainStackTargetSize                   = 64                                        {product} {ergonomic}
   size_t InitialHeapSize                          = 100663296                                 {product} {ergonomic}
   size_t MarkStackSize                            = 4194304                                   {product} {ergonomic}
   size_t MaxHeapSize                              = 1595932672                                {product} {ergonomic}
   size_t MinHeapDeltaBytes                        = 1048576                                   {product} {ergonomic}
   size_t MinHeapSize                              = 8388608                                   {product} {ergonomic}
    uintx NonNMethodCodeHeapSize                   = 5832780                                {pd product} {ergonomic}
    uintx NonProfiledCodeHeapSize                  = 122912730                              {pd product} {ergonomic}
    uintx ProfiledCodeHeapSize                     = 122912730                              {pd product} {ergonomic}
    uintx ReservedCodeCacheSize                    = 251658240                              {pd product} {ergonomic}
     bool SegmentedCodeCache                       = true                                      {product} {ergonomic}
   size_t SoftMaxHeapSize                          = 1595932672                             {manageable} {ergonomic}
     bool UseCompressedClassPointers               = true                           {product lp64_product} {ergonomic}
     bool UseCompressedOops                        = true                           {product lp64_product} {ergonomic}
     bool UseG1GC                                  = true                                      {product} {ergonomic}
     bool UseLargePagesIndividualAllocation        = false                                  {pd product} {ergonomic}

Logging:
Log output configuration:
 #0: stdout all=warning uptime,level,tags
 #1: stderr all=off uptime,level,tags

Environment Variables:
PATH=C:\Program Files\Common Files\Oracle\Java\javapath;C:\WINDOWS\system32;C:\WINDOWS;C:\WINDOWS\System32\Wbem;C:\WINDOWS\System32\WindowsPowerShell\v1.0\;C:\WINDOWS\System32\OpenSSH\;C:\Program Files\Microsoft SQL Server\130\Tools\Binn\;C:\Program Files (x86)\MinGW\bin;C:\Program Files (x86)\SMLNJ\bin\;C:\Program Files\Docker\Docker\resources\bin;C:\Program Files\nodejs\;C:\Users\vitop\AppData\Local\Microsoft\WindowsApps;C:\Program Files (x86)\MinGW\bin;C:\Users\vitop\AppData\Local\Programs\Microsoft VS Code\bin;C:\Users\vitop\AppData\Roaming\npm
USERNAME=vitop
OS=Windows_NT
PROCESSOR_IDENTIFIER=AMD64 Family 23 Model 24 Stepping 1, AuthenticAMD



---------------  S Y S T E M  ---------------

OS:
 Windows 10 , 64 bit Build 26100 (10.0.26100.8246)
OS uptime: 28 days 20:42 hours
Hyper-V role detected

CPU: total 4 (initial active 4) (4 cores per cpu, 2 threads per core) family 23 model 24 stepping 1 microcode 0x8108109, cx8, cmov, fxsr, ht, mmx, 3dnowpref, sse, sse2, sse3, ssse3, sse4a, sse4.1, sse4.2, popcnt, lzcnt, tsc, tscinvbit, avx, avx2, aes, clmul, bmi1, bmi2, adx, sha, fma, vzeroupper, clflush, clflushopt, hv

Memory: 4k page, system-wide physical 6081M (276M free)
TotalPageFile size 24513M (AvailPageFile size 55M)
current process WorkingSet (physical memory assigned to process): 12M, peak: 12M
current process commit charge ("private bytes"): 52M, peak: 148M

vm_info: Java HotSpot(TM) 64-Bit Server VM (17+35-LTS-2724) for windows-amd64 JRE (17+35-LTS-2724), built on Aug  5 2021 23:28:28 by "mach5one" with MS VC++ 16.8 (VS2019)

END.
